<?xml version="1.0" encoding="UTF-8"?>
<!-- Generated by org.testng.reporters.JUnitReportReporter -->
<testsuite hostname="DESKTOP-RTGTF08" failures="0" tests="4" name="com.qa.opencart.test.AccountsPageTest" time="1.486" errors="0" timestamp="2021-11-19T10:20:11 IST" skipped="0">
  <testcase classname="com.qa.opencart.test.AccountsPageTest" name="accountPageUrlTest" time="0.012"/>
  <system-out/>
  <testcase classname="com.qa.opencart.test.AccountsPageTest" name="accountsPageFootersTest" time="0.279"/>
  <system-out/>
  <testcase classname="com.qa.opencart.test.AccountsPageTest" name="accountPageHeadersTest" time="0.914"/>
  <system-out/>
  <testcase classname="com.qa.opencart.test.AccountsPageTest" name="accountsPageList" time="0.281"/>
  <system-out/>
</testsuite> <!-- com.qa.opencart.test.AccountsPageTest -->
