<?xml version="1.0" encoding="UTF-8"?>
<!-- Generated by org.testng.reporters.JUnitReportReporter -->
<testsuite hostname="DESKTOP-RTGTF08" failures="0" tests="4" name="com.qa.opencart.test.LoginPageTest" time="2.978" errors="0" timestamp="2021-11-18T08:30:02 IST" skipped="0">
  <testcase classname="com.qa.opencart.test.LoginPageTest" name="loginPageTitleTest" time="0.017"/>
  <system-out/>
  <testcase classname="com.qa.opencart.test.LoginPageTest" name="forgottentPwdLinkTest" time="0.078"/>
  <system-out/>
  <testcase classname="com.qa.opencart.test.LoginPageTest" name="loginLinkTest" time="0.055"/>
  <system-out/>
  <testcase classname="com.qa.opencart.test.LoginPageTest" name="LoginAppTest" time="2.828"/>
  <system-out/>
</testsuite> <!-- com.qa.opencart.test.LoginPageTest -->
