<?xml version="1.0" encoding="UTF-8"?>
<!-- Generated by org.testng.reporters.JUnitReportReporter -->
<testsuite hostname="DESKTOP-RTGTF08" failures="0" tests="7" name="com.qa.opencart.test.AccountsPageTest" time="6.632" errors="0" timestamp="2021-11-22T10:31:59 IST" skipped="0">
  <testcase classname="com.qa.opencart.test.AccountsPageTest" name="accountsPageList" time="1.292"/>
  <system-out/>
  <testcase classname="com.qa.opencart.test.AccountsPageTest" name="accountPageUrlTest" time="0.016"/>
  <system-out/>
  <testcase classname="com.qa.opencart.test.AccountsPageTest" name="accountPageHeadersTest" time="0.145"/>
  <system-out/>
  <testcase classname="com.qa.opencart.test.AccountsPageTest" name="accountsPageFootersTest" time="0.243"/>
  <system-out/>
  <testcase classname="com.qa.opencart.test.AccountsPageTest" name="logOutTest" time="0.225"/>
  <system-out/>
  <testcase classname="com.qa.opencart.test.AccountsPageTest" name="selectProductTest" time="4.546"/>
  <system-out/>
  <testcase classname="com.qa.opencart.test.AccountsPageTest" name="checkProductBrand" time="0.165"/>
  <system-out/>
</testsuite> <!-- com.qa.opencart.test.AccountsPageTest -->
