<?xml version="1.0" encoding="UTF-8"?>
<!-- Generated by org.testng.reporters.JUnitReportReporter -->
<testsuite hostname="DESKTOP-RTGTF08" failures="0" tests="4" name="com.qa.opencart.test.LoginPageTest" time="3.015" errors="0" timestamp="2021-11-19T09:49:50 IST" skipped="0">
  <testcase classname="com.qa.opencart.test.LoginPageTest" name="loginPageTitleTest" time="0.017"/>
  <system-out/>
  <testcase classname="com.qa.opencart.test.LoginPageTest" name="forgottentPwdLinkTest" time="0.101"/>
  <system-out/>
  <testcase classname="com.qa.opencart.test.LoginPageTest" name="loginLinkTest" time="0.042"/>
  <system-out/>
  <testcase classname="com.qa.opencart.test.LoginPageTest" name="LoginAppTest" time="2.855"/>
  <system-out/>
</testsuite> <!-- com.qa.opencart.test.LoginPageTest -->
